#
# There is insufficient memory for the Java Runtime Environment to continue.
# Native memory allocation (malloc) failed to allocate 33216 bytes for Chunk::new
# Possible reasons:
#   The system is out of physical RAM or swap space
#   The process is running with CompressedOops enabled, and the Java Heap may be blocking the growth of the native heap
# Possible solutions:
#   Reduce memory load on the system
#   Increase physical memory or swap space
#   Check if swap backing store is full
#   Decrease Java heap size (-Xmx/-Xms)
#   Decrease number of Java threads
#   Set larger code cache with -XX:ReservedCodeCacheSize=
#   JVM is running with Unscaled Compressed Oops mode in which the Java heap is
#     placed in the first 4GB address space. The Java Heap base address is the
#     maximum limit for the native heap growth. Please use -XX:HeapBaseMinAddress
#     to set the Java Heap base and to place the Java Heap above 4GB virtual address.
# This output file may be truncated or incomplete.
#
#  Out of Memory Error (arena.cpp:168), pid=16416, tid=32192
#
# JRE version: Java(TM) SE Runtime Environment (21.0.6+8) (build 21.0.6+8-LTS-188)
# Java VM: Java HotSpot(TM) 64-Bit Server VM (21.0.6+8-LTS-188, mixed mode, sharing, tiered, compressed oops, compressed class ptrs, g1 gc, windows-amd64)
# No core dump will be written. Minidumps are not enabled by default on client versions of Windows
#

---------------  S U M M A R Y ------------

Command Line: -ea -Dfile.encoding=UTF-8 -Dstdout.encoding=UTF-8 -Dstderr.encoding=UTF-8 -XX:+ShowCodeDetailsInExceptionMessages org.testng.remote.RemoteTestNG -serport 61921 -protocol json -d C:\Education\wipro_selenium\PetStore\test-output C:\Users\91639\AppData\Local\Temp\testng-eclipse-569991376\testng-customsuite.xml

Host: AMD Ryzen 5 5500U with Radeon Graphics         , 12 cores, 5G,  Windows 11 , 64 bit Build 22621 (10.0.22621.4830)
Time: Tue Mar 18 22:47:44 2025 India Standard Time elapsed time: 64.400909 seconds (0d 0h 1m 4s)

---------------  T H R E A D  ---------------

Current thread (0x000001e183f75330):  JavaThread "C2 CompilerThread0" daemon [_thread_in_native, id=32192, stack(0x000000c30ba00000,0x000000c30bb00000) (1024K)]


Current CompileTask:
C2:  64401 2905       4       java.lang.Integer::getChars (121 bytes)

Stack: [0x000000c30ba00000,0x000000c30bb00000]
Native frames: (J=compiled Java code, j=interpreted, Vv=VM code, C=native code)
V  [jvm.dll+0x6ca6d9]
V  [jvm.dll+0x854f51]
V  [jvm.dll+0x85747e]
V  [jvm.dll+0x857b53]
V  [jvm.dll+0x27dcc6]
V  [jvm.dll+0xc4c2d]
V  [jvm.dll+0xc5163]
V  [jvm.dll+0x2f0fbd]
V  [jvm.dll+0x5f546a]
V  [jvm.dll+0x24f8a2]
V  [jvm.dll+0x2482ac]
V  [jvm.dll+0x245df4]
V  [jvm.dll+0x1c6d2e]
V  [jvm.dll+0x2554f9]
V  [jvm.dll+0x253a8a]
V  [jvm.dll+0x3ee576]
V  [jvm.dll+0x7ff2fb]
V  [jvm.dll+0x6c8dbd]
C  [ucrtbase.dll+0x29333]
C  [KERNEL32.DLL+0x1259d]
C  [ntdll.dll+0x5af38]


---------------  P R O C E S S  ---------------

Threads class SMR info:
_java_thread_list=0x000001e1e5aa2260, length=39, elements={
0x000001e1e7c0b970, 0x000001e183f623f0, 0x000001e183f63cb0, 0x000001e183f67430,
0x000001e183f68490, 0x000001e183f69680, 0x000001e183f70a30, 0x000001e183f75330,
0x000001e183f76aa0, 0x000001e1c9220340, 0x000001e1c9228320, 0x000001e1c9b3f2c0,
0x000001e1ca8fd2f0, 0x000001e1ca241080, 0x000001e1ca7f6cf0, 0x000001e1ca707830,
0x000001e1cab6e280, 0x000001e1cab6e8e0, 0x000001e1ca36e720, 0x000001e1ca36f440,
0x000001e1ca36bfc0, 0x000001e1ca36c650, 0x000001e1ca36edb0, 0x000001e1ca36cce0,
0x000001e1ca36d370, 0x000001e1ca36da00, 0x000001e1ca36e090, 0x000001e1c9949c90,
0x000001e1c994a320, 0x000001e1c9947bc0, 0x000001e1c994de30, 0x000001e1c994d110,
0x000001e1c994b040, 0x000001e1c994b6d0, 0x000001e1c994d7a0, 0x000001e1c9948250,
0x000001e1c99488e0, 0x000001e1c9948f70, 0x000001e1c9949600
}

Java Threads: ( => current thread )
  0x000001e1e7c0b970 JavaThread "main"                              [_thread_in_Java, id=18656, stack(0x000000c30ac00000,0x000000c30ad00000) (1024K)]
  0x000001e183f623f0 JavaThread "Reference Handler"          daemon [_thread_blocked, id=24664, stack(0x000000c30b400000,0x000000c30b500000) (1024K)]
  0x000001e183f63cb0 JavaThread "Finalizer"                  daemon [_thread_blocked, id=34648, stack(0x000000c30b500000,0x000000c30b600000) (1024K)]
  0x000001e183f67430 JavaThread "Signal Dispatcher"          daemon [_thread_blocked, id=49720, stack(0x000000c30b600000,0x000000c30b700000) (1024K)]
  0x000001e183f68490 JavaThread "Attach Listener"            daemon [_thread_blocked, id=44984, stack(0x000000c30b700000,0x000000c30b800000) (1024K)]
  0x000001e183f69680 JavaThread "Service Thread"             daemon [_thread_blocked, id=31640, stack(0x000000c30b800000,0x000000c30b900000) (1024K)]
  0x000001e183f70a30 JavaThread "Monitor Deflation Thread"   daemon [_thread_blocked, id=41716, stack(0x000000c30b900000,0x000000c30ba00000) (1024K)]
=>0x000001e183f75330 JavaThread "C2 CompilerThread0"         daemon [_thread_in_native, id=32192, stack(0x000000c30ba00000,0x000000c30bb00000) (1024K)]
  0x000001e183f76aa0 JavaThread "C1 CompilerThread0"         daemon [_thread_in_vm, id=44564, stack(0x000000c30bb00000,0x000000c30bc00000) (1024K)]
  0x000001e1c9220340 JavaThread "Notification Thread"        daemon [_thread_blocked, id=26496, stack(0x000000c30bc00000,0x000000c30bd00000) (1024K)]
  0x000001e1c9228320 JavaThread "Common-Cleaner"             daemon [_thread_blocked, id=49892, stack(0x000000c30bd00000,0x000000c30be00000) (1024K)]
  0x000001e1c9b3f2c0 JavaThread "ReaderThread"                      [_thread_in_native, id=44008, stack(0x000000c30c000000,0x000000c30c100000) (1024K)]
  0x000001e1ca8fd2f0 JavaThread "ForkJoinPool.commonPool-worker-1" daemon [_thread_blocked, id=48004, stack(0x000000c30be00000,0x000000c30bf00000) (1024K)]
  0x000001e1ca241080 JavaThread "HttpClient-1-SelectorManager" daemon [_thread_in_native, id=47184, stack(0x000000c30c700000,0x000000c30c800000) (1024K)]
  0x000001e1ca7f6cf0 JavaThread "External Process Output Forwarder - C:\Users\91639\.cache\selenium\chromedriver\win64\134.0.6998.88\chromedriver.exe" daemon [_thread_in_native, id=49068, stack(0x000000c30c800000,0x000000c30c900000) (1024K)]
  0x000001e1ca707830 JavaThread "Driver Service Executor"    daemon [_thread_blocked, id=48792, stack(0x000000c30c900000,0x000000c30ca00000) (1024K)]
  0x000001e1cab6e280 JavaThread "Driver Service Executor"    daemon [_thread_blocked, id=47440, stack(0x000000c30ca00000,0x000000c30cb00000) (1024K)]
  0x000001e1cab6e8e0 JavaThread "UrlChecker-2"               daemon [_thread_blocked, id=49060, stack(0x000000c30cb00000,0x000000c30cc00000) (1024K)]
  0x000001e1ca36e720 JavaThread "JdkHttpClient-0-0"          daemon [_thread_blocked, id=49540, stack(0x000000c30d000000,0x000000c30d100000) (1024K)]
  0x000001e1ca36f440 JavaThread "CompletableFutureDelayScheduler" daemon [_thread_blocked, id=30960, stack(0x000000c30d100000,0x000000c30d200000) (1024K)]
  0x000001e1ca36bfc0 JavaThread "JdkHttpClient-0-1"          daemon [_thread_blocked, id=7940, stack(0x000000c30d200000,0x000000c30d300000) (1024K)]
  0x000001e1ca36c650 JavaThread "JdkHttpClient-0-2"          daemon [_thread_blocked, id=49404, stack(0x000000c30d300000,0x000000c30d400000) (1024K)]
  0x000001e1ca36edb0 JavaThread "JdkHttpClient-0-3"          daemon [_thread_blocked, id=48724, stack(0x000000c30d400000,0x000000c30d500000) (1024K)]
  0x000001e1ca36cce0 JavaThread "HttpClient-2-SelectorManager" daemon [_thread_in_native, id=46124, stack(0x000000c30d500000,0x000000c30d600000) (1024K)]
  0x000001e1ca36d370 JavaThread "JdkHttpClient-1-0"          daemon [_thread_blocked, id=36728, stack(0x000000c30d600000,0x000000c30d700000) (1024K)]
  0x000001e1ca36da00 JavaThread "JdkHttpClient-1-1"          daemon [_thread_blocked, id=49684, stack(0x000000c30d700000,0x000000c30d800000) (1024K)]
  0x000001e1ca36e090 JavaThread "JdkHttpClient-1-2"          daemon [_thread_blocked, id=41836, stack(0x000000c30d800000,0x000000c30d900000) (1024K)]
  0x000001e1c9949c90 JavaThread "HttpClient-3-SelectorManager" daemon [_thread_in_native, id=27280, stack(0x000000c30d900000,0x000000c30da00000) (1024K)]
  0x000001e1c994a320 JavaThread "External Process Output Forwarder - C:\Users\91639\.cache\selenium\chromedriver\win64\134.0.6998.88\chromedriver.exe" daemon [_thread_in_native, id=11468, stack(0x000000c30da00000,0x000000c30db00000) (1024K)]
  0x000001e1c9947bc0 JavaThread "Driver Service Executor"    daemon [_thread_blocked, id=29828, stack(0x000000c30db00000,0x000000c30dc00000) (1024K)]
  0x000001e1c994de30 JavaThread "Driver Service Executor"    daemon [_thread_blocked, id=42168, stack(0x000000c30dc00000,0x000000c30dd00000) (1024K)]
  0x000001e1c994d110 JavaThread "JdkHttpClient-2-0"          daemon [_thread_blocked, id=21652, stack(0x000000c30dd00000,0x000000c30de00000) (1024K)]
  0x000001e1c994b040 JavaThread "JdkHttpClient-2-1"          daemon [_thread_blocked, id=1048, stack(0x000000c30de00000,0x000000c30df00000) (1024K)]
  0x000001e1c994b6d0 JavaThread "JdkHttpClient-2-2"          daemon [_thread_blocked, id=49124, stack(0x000000c30df00000,0x000000c30e000000) (1024K)]
  0x000001e1c994d7a0 JavaThread "JdkHttpClient-2-3"          daemon [_thread_blocked, id=43068, stack(0x000000c30e000000,0x000000c30e100000) (1024K)]
  0x000001e1c9948250 JavaThread "HttpClient-4-SelectorManager" daemon [_thread_in_native, id=25772, stack(0x000000c30e200000,0x000000c30e300000) (1024K)]
  0x000001e1c99488e0 JavaThread "JdkHttpClient-3-0"          daemon [_thread_blocked, id=33940, stack(0x000000c30e300000,0x000000c30e400000) (1024K)]
  0x000001e1c9948f70 JavaThread "JdkHttpClient-3-1"          daemon [_thread_blocked, id=23040, stack(0x000000c30e400000,0x000000c30e500000) (1024K)]
  0x000001e1c9949600 JavaThread "JdkHttpClient-3-2"          daemon [_thread_blocked, id=45472, stack(0x000000c30e500000,0x000000c30e600000) (1024K)]
Total: 39

Other Threads:
  0x000001e183f4bde0 VMThread "VM Thread"                           [id=40228, stack(0x000000c30b300000,0x000000c30b400000) (1024K)]
  0x000001e183f37320 WatcherThread "VM Periodic Task Thread"        [id=35268, stack(0x000000c30b200000,0x000000c30b300000) (1024K)]
  0x000001e1e7c4e8c0 WorkerThread "GC Thread#0"                     [id=7164, stack(0x000000c30ad00000,0x000000c30ae00000) (1024K)]
  0x000001e1ca07df10 WorkerThread "GC Thread#1"                     [id=15692, stack(0x000000c30c100000,0x000000c30c200000) (1024K)]
  0x000001e1ca07e2b0 WorkerThread "GC Thread#2"                     [id=47872, stack(0x000000c30c200000,0x000000c30c300000) (1024K)]
  0x000001e1ca07f920 WorkerThread "GC Thread#3"                     [id=46680, stack(0x000000c30c300000,0x000000c30c400000) (1024K)]
  0x000001e1ca18e600 WorkerThread "GC Thread#4"                     [id=3240, stack(0x000000c30c400000,0x000000c30c500000) (1024K)]
  0x000001e1ca18f9b0 WorkerThread "GC Thread#5"                     [id=43316, stack(0x000000c30c500000,0x000000c30c600000) (1024K)]
  0x000001e1ca190d60 WorkerThread "GC Thread#6"                     [id=17996, stack(0x000000c30c600000,0x000000c30c700000) (1024K)]
  0x000001e1ca408880 WorkerThread "GC Thread#7"                     [id=46444, stack(0x000000c30cd00000,0x000000c30ce00000) (1024K)]
  0x000001e1ca40d910 WorkerThread "GC Thread#8"                     [id=35520, stack(0x000000c30ce00000,0x000000c30cf00000) (1024K)]
  0x000001e1ca40dcb0 WorkerThread "GC Thread#9"                     [id=43076, stack(0x000000c30cf00000,0x000000c30d000000) (1024K)]
  0x000001e1e7c5cdc0 ConcurrentGCThread "G1 Main Marker"            [id=41408, stack(0x000000c30ae00000,0x000000c30af00000) (1024K)]
  0x000001e1e7c5d8c0 WorkerThread "G1 Conc#0"                       [id=46320, stack(0x000000c30af00000,0x000000c30b000000) (1024K)]
  0x000001e1e7cbe750 ConcurrentGCThread "G1 Refine#0"               [id=48468, stack(0x000000c30b000000,0x000000c30b100000) (1024K)]
  0x000001e183e0c470 ConcurrentGCThread "G1 Service"                [id=47356, stack(0x000000c30b100000,0x000000c30b200000) (1024K)]
Total: 16

Threads with active compile tasks:
C2 CompilerThread0    64474 2905       4       java.lang.Integer::getChars (121 bytes)
C1 CompilerThread0    64474 2929       3       sun.nio.cs.UTF_8$Decoder::decodeLoop (28 bytes)
Total: 2

VM state: not at safepoint (normal execution)

VM Mutex/Monitor currently owned by a thread:  ([mutex/lock_event])
[0x00007ffe4df0be18] Metaspace_lock - owner thread: 0x000001e183f76aa0

Heap address: 0x00000000a2200000, size: 1502 MB, Compressed Oops mode: 32-bit

CDS archive(s) mapped at: [0x000001e184000000-0x000001e184c90000-0x000001e184c90000), size 13172736, SharedBaseAddress: 0x000001e184000000, ArchiveRelocationMode: 1.
Compressed class space mapped at: 0x000001e185000000-0x000001e1c5000000, reserved size: 1073741824
Narrow klass base: 0x000001e184000000, Narrow klass shift: 0, Narrow klass range: 0x100000000

GC Precious Log:
 CardTable entry size: 512
 Card Set container configuration: InlinePtr #cards 5 size 8 Array Of Cards #cards 12 size 40 Howl #buckets 4 coarsen threshold 1843 Howl Bitmap #cards 512 size 80 coarsen threshold 460 Card regions per heap region 1 cards per card region 2048
 CPUs: 12 total, 12 available
 Memory: 6005M
 Large Page Support: Disabled
 NUMA Support: Disabled
 Compressed Oops: Enabled (32-bit)
 Heap Region Size: 1M
 Heap Min Capacity: 8M
 Heap Initial Capacity: 94M
 Heap Max Capacity: 1502M
 Pre-touch: Disabled
 Parallel Workers: 10
 Concurrent Workers: 3
 Concurrent Refinement Workers: 10
 Periodic GC: Disabled

Heap:
 garbage-first heap   total 96256K, used 30379K [0x00000000a2200000, 0x0000000100000000)
  region size 1024K, 23 young (23552K), 4 survivors (4096K)
 Metaspace       used 20073K, committed 20544K, reserved 1114112K
  class space    used 2489K, committed 2752K, reserved 1048576K

Heap Regions: E=young(eden), S=young(survivor), O=old, HS=humongous(starts), HC=humongous(continues), CS=collection set, F=free, TAMS=top-at-mark-start, PB=parsable bottom
|   0|0x00000000a2200000, 0x00000000a2300000, 0x00000000a2300000|100%|HS|  |TAMS 0x00000000a2200000| PB 0x00000000a2200000| Complete 
|   1|0x00000000a2300000, 0x00000000a2400000, 0x00000000a2400000|100%| O|  |TAMS 0x00000000a2300000| PB 0x00000000a2300000| Untracked 
|   2|0x00000000a2400000, 0x00000000a2500000, 0x00000000a2500000|100%| O|  |TAMS 0x00000000a2400000| PB 0x00000000a2400000| Untracked 
|   3|0x00000000a2500000, 0x00000000a2600000, 0x00000000a2600000|100%| O|  |TAMS 0x00000000a2500000| PB 0x00000000a2500000| Untracked 
|   4|0x00000000a2600000, 0x00000000a2700000, 0x00000000a2700000|100%| O|  |TAMS 0x00000000a2600000| PB 0x00000000a2600000| Untracked 
|   5|0x00000000a2700000, 0x00000000a2800000, 0x00000000a2800000|100%| O|  |TAMS 0x00000000a2700000| PB 0x00000000a2700000| Untracked 
|   6|0x00000000a2800000, 0x00000000a2900000, 0x00000000a2900000|100%| O|  |TAMS 0x00000000a2800000| PB 0x00000000a2800000| Untracked 
|   7|0x00000000a2900000, 0x00000000a29df9b8, 0x00000000a2a00000| 87%| O|  |TAMS 0x00000000a2900000| PB 0x00000000a2900000| Untracked 
|   8|0x00000000a2a00000, 0x00000000a2a00000, 0x00000000a2b00000|  0%| F|  |TAMS 0x00000000a2a00000| PB 0x00000000a2a00000| Untracked 
|   9|0x00000000a2b00000, 0x00000000a2b00000, 0x00000000a2c00000|  0%| F|  |TAMS 0x00000000a2b00000| PB 0x00000000a2b00000| Untracked 
|  10|0x00000000a2c00000, 0x00000000a2c00000, 0x00000000a2d00000|  0%| F|  |TAMS 0x00000000a2c00000| PB 0x00000000a2c00000| Untracked 
|  11|0x00000000a2d00000, 0x00000000a2d00000, 0x00000000a2e00000|  0%| F|  |TAMS 0x00000000a2d00000| PB 0x00000000a2d00000| Untracked 
|  12|0x00000000a2e00000, 0x00000000a2e00000, 0x00000000a2f00000|  0%| F|  |TAMS 0x00000000a2e00000| PB 0x00000000a2e00000| Untracked 
|  13|0x00000000a2f00000, 0x00000000a2f00000, 0x00000000a3000000|  0%| F|  |TAMS 0x00000000a2f00000| PB 0x00000000a2f00000| Untracked 
|  14|0x00000000a3000000, 0x00000000a3000000, 0x00000000a3100000|  0%| F|  |TAMS 0x00000000a3000000| PB 0x00000000a3000000| Untracked 
|  15|0x00000000a3100000, 0x00000000a3100000, 0x00000000a3200000|  0%| F|  |TAMS 0x00000000a3100000| PB 0x00000000a3100000| Untracked 
|  16|0x00000000a3200000, 0x00000000a3200000, 0x00000000a3300000|  0%| F|  |TAMS 0x00000000a3200000| PB 0x00000000a3200000| Untracked 
|  17|0x00000000a3300000, 0x00000000a3300000, 0x00000000a3400000|  0%| F|  |TAMS 0x00000000a3300000| PB 0x00000000a3300000| Untracked 
|  18|0x00000000a3400000, 0x00000000a3400000, 0x00000000a3500000|  0%| F|  |TAMS 0x00000000a3400000| PB 0x00000000a3400000| Untracked 
|  19|0x00000000a3500000, 0x00000000a3500000, 0x00000000a3600000|  0%| F|  |TAMS 0x00000000a3500000| PB 0x00000000a3500000| Untracked 
|  20|0x00000000a3600000, 0x00000000a3600000, 0x00000000a3700000|  0%| F|  |TAMS 0x00000000a3600000| PB 0x00000000a3600000| Untracked 
|  21|0x00000000a3700000, 0x00000000a3700000, 0x00000000a3800000|  0%| F|  |TAMS 0x00000000a3700000| PB 0x00000000a3700000| Untracked 
|  22|0x00000000a3800000, 0x00000000a3800000, 0x00000000a3900000|  0%| F|  |TAMS 0x00000000a3800000| PB 0x00000000a3800000| Untracked 
|  23|0x00000000a3900000, 0x00000000a3900000, 0x00000000a3a00000|  0%| F|  |TAMS 0x00000000a3900000| PB 0x00000000a3900000| Untracked 
|  24|0x00000000a3a00000, 0x00000000a3a00000, 0x00000000a3b00000|  0%| F|  |TAMS 0x00000000a3a00000| PB 0x00000000a3a00000| Untracked 
|  25|0x00000000a3b00000, 0x00000000a3b00000, 0x00000000a3c00000|  0%| F|  |TAMS 0x00000000a3b00000| PB 0x00000000a3b00000| Untracked 
|  26|0x00000000a3c00000, 0x00000000a3c00000, 0x00000000a3d00000|  0%| F|  |TAMS 0x00000000a3c00000| PB 0x00000000a3c00000| Untracked 
|  27|0x00000000a3d00000, 0x00000000a3d00000, 0x00000000a3e00000|  0%| F|  |TAMS 0x00000000a3d00000| PB 0x00000000a3d00000| Untracked 
|  28|0x00000000a3e00000, 0x00000000a3e00000, 0x00000000a3f00000|  0%| F|  |TAMS 0x00000000a3e00000| PB 0x00000000a3e00000| Untracked 
|  29|0x00000000a3f00000, 0x00000000a3f00000, 0x00000000a4000000|  0%| F|  |TAMS 0x00000000a3f00000| PB 0x00000000a3f00000| Untracked 
|  30|0x00000000a4000000, 0x00000000a4000000, 0x00000000a4100000|  0%| F|  |TAMS 0x00000000a4000000| PB 0x00000000a4000000| Untracked 
|  31|0x00000000a4100000, 0x00000000a4100000, 0x00000000a4200000|  0%| F|  |TAMS 0x00000000a4100000| PB 0x00000000a4100000| Untracked 
|  32|0x00000000a4200000, 0x00000000a4200000, 0x00000000a4300000|  0%| F|  |TAMS 0x00000000a4200000| PB 0x00000000a4200000| Untracked 
|  33|0x00000000a4300000, 0x00000000a4300000, 0x00000000a4400000|  0%| F|  |TAMS 0x00000000a4300000| PB 0x00000000a4300000| Untracked 
|  34|0x00000000a4400000, 0x00000000a4400000, 0x00000000a4500000|  0%| F|  |TAMS 0x00000000a4400000| PB 0x00000000a4400000| Untracked 
|  35|0x00000000a4500000, 0x00000000a4500000, 0x00000000a4600000|  0%| F|  |TAMS 0x00000000a4500000| PB 0x00000000a4500000| Untracked 
|  36|0x00000000a4600000, 0x00000000a4600000, 0x00000000a4700000|  0%| F|  |TAMS 0x00000000a4600000| PB 0x00000000a4600000| Untracked 
|  37|0x00000000a4700000, 0x00000000a4700000, 0x00000000a4800000|  0%| F|  |TAMS 0x00000000a4700000| PB 0x00000000a4700000| Untracked 
|  38|0x00000000a4800000, 0x00000000a4800000, 0x00000000a4900000|  0%| F|  |TAMS 0x00000000a4800000| PB 0x00000000a4800000| Untracked 
|  39|0x00000000a4900000, 0x00000000a4900000, 0x00000000a4a00000|  0%| F|  |TAMS 0x00000000a4900000| PB 0x00000000a4900000| Untracked 
|  40|0x00000000a4a00000, 0x00000000a4a00000, 0x00000000a4b00000|  0%| F|  |TAMS 0x00000000a4a00000| PB 0x00000000a4a00000| Untracked 
|  41|0x00000000a4b00000, 0x00000000a4b00000, 0x00000000a4c00000|  0%| F|  |TAMS 0x00000000a4b00000| PB 0x00000000a4b00000| Untracked 
|  42|0x00000000a4c00000, 0x00000000a4c00000, 0x00000000a4d00000|  0%| F|  |TAMS 0x00000000a4c00000| PB 0x00000000a4c00000| Untracked 
|  43|0x00000000a4d00000, 0x00000000a4d00000, 0x00000000a4e00000|  0%| F|  |TAMS 0x00000000a4d00000| PB 0x00000000a4d00000| Untracked 
|  44|0x00000000a4e00000, 0x00000000a4e00000, 0x00000000a4f00000|  0%| F|  |TAMS 0x00000000a4e00000| PB 0x00000000a4e00000| Untracked 
|  45|0x00000000a4f00000, 0x00000000a4f00000, 0x00000000a5000000|  0%| F|  |TAMS 0x00000000a4f00000| PB 0x00000000a4f00000| Untracked 
|  46|0x00000000a5000000, 0x00000000a5000000, 0x00000000a5100000|  0%| F|  |TAMS 0x00000000a5000000| PB 0x00000000a5000000| Untracked 
|  47|0x00000000a5100000, 0x00000000a5100000, 0x00000000a5200000|  0%| F|  |TAMS 0x00000000a5100000| PB 0x00000000a5100000| Untracked 
|  48|0x00000000a5200000, 0x00000000a5200000, 0x00000000a5300000|  0%| F|  |TAMS 0x00000000a5200000| PB 0x00000000a5200000| Untracked 
|  49|0x00000000a5300000, 0x00000000a5300000, 0x00000000a5400000|  0%| F|  |TAMS 0x00000000a5300000| PB 0x00000000a5300000| Untracked 
|  50|0x00000000a5400000, 0x00000000a5400000, 0x00000000a5500000|  0%| F|  |TAMS 0x00000000a5400000| PB 0x00000000a5400000| Untracked 
|  51|0x00000000a5500000, 0x00000000a5500000, 0x00000000a5600000|  0%| F|  |TAMS 0x00000000a5500000| PB 0x00000000a5500000| Untracked 
|  52|0x00000000a5600000, 0x00000000a5600000, 0x00000000a5700000|  0%| F|  |TAMS 0x00000000a5600000| PB 0x00000000a5600000| Untracked 
|  53|0x00000000a5700000, 0x00000000a5700000, 0x00000000a5800000|  0%| F|  |TAMS 0x00000000a5700000| PB 0x00000000a5700000| Untracked 
|  54|0x00000000a5800000, 0x00000000a5800000, 0x00000000a5900000|  0%| F|  |TAMS 0x00000000a5800000| PB 0x00000000a5800000| Untracked 
|  55|0x00000000a5900000, 0x00000000a5900000, 0x00000000a5a00000|  0%| F|  |TAMS 0x00000000a5900000| PB 0x00000000a5900000| Untracked 
|  56|0x00000000a5a00000, 0x00000000a5a00000, 0x00000000a5b00000|  0%| F|  |TAMS 0x00000000a5a00000| PB 0x00000000a5a00000| Untracked 
|  57|0x00000000a5b00000, 0x00000000a5b00000, 0x00000000a5c00000|  0%| F|  |TAMS 0x00000000a5b00000| PB 0x00000000a5b00000| Untracked 
|  58|0x00000000a5c00000, 0x00000000a5c00000, 0x00000000a5d00000|  0%| F|  |TAMS 0x00000000a5c00000| PB 0x00000000a5c00000| Untracked 
|  59|0x00000000a5d00000, 0x00000000a5dcb2a0, 0x00000000a5e00000| 79%| S|CS|TAMS 0x00000000a5d00000| PB 0x00000000a5d00000| Complete 
|  60|0x00000000a5e00000, 0x00000000a5f00000, 0x00000000a5f00000|100%| S|CS|TAMS 0x00000000a5e00000| PB 0x00000000a5e00000| Complete 
|  61|0x00000000a5f00000, 0x00000000a6000000, 0x00000000a6000000|100%| S|CS|TAMS 0x00000000a5f00000| PB 0x00000000a5f00000| Complete 
|  62|0x00000000a6000000, 0x00000000a6100000, 0x00000000a6100000|100%| S|CS|TAMS 0x00000000a6000000| PB 0x00000000a6000000| Complete 
|  63|0x00000000a6100000, 0x00000000a6100000, 0x00000000a6200000|  0%| F|  |TAMS 0x00000000a6100000| PB 0x00000000a6100000| Untracked 
|  64|0x00000000a6200000, 0x00000000a6200000, 0x00000000a6300000|  0%| F|  |TAMS 0x00000000a6200000| PB 0x00000000a6200000| Untracked 
|  65|0x00000000a6300000, 0x00000000a6300000, 0x00000000a6400000|  0%| F|  |TAMS 0x00000000a6300000| PB 0x00000000a6300000| Untracked 
|  66|0x00000000a6400000, 0x00000000a6400000, 0x00000000a6500000|  0%| F|  |TAMS 0x00000000a6400000| PB 0x00000000a6400000| Untracked 
|  67|0x00000000a6500000, 0x00000000a6500000, 0x00000000a6600000|  0%| F|  |TAMS 0x00000000a6500000| PB 0x00000000a6500000| Untracked 
|  68|0x00000000a6600000, 0x00000000a6600000, 0x00000000a6700000|  0%| F|  |TAMS 0x00000000a6600000| PB 0x00000000a6600000| Untracked 
|  69|0x00000000a6700000, 0x00000000a6700000, 0x00000000a6800000|  0%| F|  |TAMS 0x00000000a6700000| PB 0x00000000a6700000| Untracked 
|  70|0x00000000a6800000, 0x00000000a6800000, 0x00000000a6900000|  0%| F|  |TAMS 0x00000000a6800000| PB 0x00000000a6800000| Untracked 
|  71|0x00000000a6900000, 0x00000000a6900000, 0x00000000a6a00000|  0%| F|  |TAMS 0x00000000a6900000| PB 0x00000000a6900000| Untracked 
|  72|0x00000000a6a00000, 0x00000000a6a00000, 0x00000000a6b00000|  0%| F|  |TAMS 0x00000000a6a00000| PB 0x00000000a6a00000| Untracked 
|  73|0x00000000a6b00000, 0x00000000a6b00000, 0x00000000a6c00000|  0%| F|  |TAMS 0x00000000a6b00000| PB 0x00000000a6b00000| Untracked 
|  74|0x00000000a6c00000, 0x00000000a6c80af0, 0x00000000a6d00000| 50%| E|  |TAMS 0x00000000a6c00000| PB 0x00000000a6c00000| Complete 
|  75|0x00000000a6d00000, 0x00000000a6e00000, 0x00000000a6e00000|100%| E|CS|TAMS 0x00000000a6d00000| PB 0x00000000a6d00000| Complete 
|  76|0x00000000a6e00000, 0x00000000a6f00000, 0x00000000a6f00000|100%| E|CS|TAMS 0x00000000a6e00000| PB 0x00000000a6e00000| Complete 
|  77|0x00000000a6f00000, 0x00000000a7000000, 0x00000000a7000000|100%| E|CS|TAMS 0x00000000a6f00000| PB 0x00000000a6f00000| Complete 
|  78|0x00000000a7000000, 0x00000000a7100000, 0x00000000a7100000|100%| E|CS|TAMS 0x00000000a7000000| PB 0x00000000a7000000| Complete 
|  79|0x00000000a7100000, 0x00000000a7200000, 0x00000000a7200000|100%| E|CS|TAMS 0x00000000a7100000| PB 0x00000000a7100000| Complete 
|  80|0x00000000a7200000, 0x00000000a7300000, 0x00000000a7300000|100%| E|CS|TAMS 0x00000000a7200000| PB 0x00000000a7200000| Complete 
|  81|0x00000000a7300000, 0x00000000a7400000, 0x00000000a7400000|100%| E|CS|TAMS 0x00000000a7300000| PB 0x00000000a7300000| Complete 
|  82|0x00000000a7400000, 0x00000000a7500000, 0x00000000a7500000|100%| E|CS|TAMS 0x00000000a7400000| PB 0x00000000a7400000| Complete 
|  83|0x00000000a7500000, 0x00000000a7600000, 0x00000000a7600000|100%| E|CS|TAMS 0x00000000a7500000| PB 0x00000000a7500000| Complete 
|  84|0x00000000a7600000, 0x00000000a7700000, 0x00000000a7700000|100%| E|CS|TAMS 0x00000000a7600000| PB 0x00000000a7600000| Complete 
|  85|0x00000000a7700000, 0x00000000a7800000, 0x00000000a7800000|100%| E|CS|TAMS 0x00000000a7700000| PB 0x00000000a7700000| Complete 
|  86|0x00000000a7800000, 0x00000000a7900000, 0x00000000a7900000|100%| E|CS|TAMS 0x00000000a7800000| PB 0x00000000a7800000| Complete 
|  87|0x00000000a7900000, 0x00000000a7a00000, 0x00000000a7a00000|100%| E|CS|TAMS 0x00000000a7900000| PB 0x00000000a7900000| Complete 
|  88|0x00000000a7a00000, 0x00000000a7b00000, 0x00000000a7b00000|100%| E|CS|TAMS 0x00000000a7a00000| PB 0x00000000a7a00000| Complete 
|  89|0x00000000a7b00000, 0x00000000a7c00000, 0x00000000a7c00000|100%| E|CS|TAMS 0x00000000a7b00000| PB 0x00000000a7b00000| Complete 
|  90|0x00000000a7c00000, 0x00000000a7d00000, 0x00000000a7d00000|100%| E|CS|TAMS 0x00000000a7c00000| PB 0x00000000a7c00000| Complete 
|  91|0x00000000a7d00000, 0x00000000a7e00000, 0x00000000a7e00000|100%| E|CS|TAMS 0x00000000a7d00000| PB 0x00000000a7d00000| Complete 
|  92|0x00000000a7e00000, 0x00000000a7f00000, 0x00000000a7f00000|100%| E|CS|TAMS 0x00000000a7e00000| PB 0x00000000a7e00000| Complete 
|  93|0x00000000a7f00000, 0x00000000a8000000, 0x00000000a8000000|100%| E|CS|TAMS 0x00000000a7f00000| PB 0x00000000a7f00000| Complete 

Card table byte_map: [0x000001e1ff8c0000,0x000001e1ffbb0000] _byte_map_base: 0x000001e1ff3af000

Marking Bits: (CMBitMap*) 0x000001e1e7c4efc0
 Bits: [0x000001e180000000, 0x000001e181778000)

Polling page: 0x000001e1e73c0000

Metaspace:

Usage:
  Non-class:     17.17 MB used.
      Class:      2.43 MB used.
       Both:     19.60 MB used.

Virtual space:
  Non-class space:       64.00 MB reserved,      17.38 MB ( 27%) committed,  1 nodes.
      Class space:        1.00 GB reserved,       2.69 MB ( <1%) committed,  1 nodes.
             Both:        1.06 GB reserved,      20.06 MB (  2%) committed. 

Chunk freelists:
   Non-Class:  14.27 MB
       Class:  13.31 MB
        Both:  27.58 MB

MaxMetaspaceSize: unlimited
CompressedClassSpaceSize: 1.00 GB
Initial GC threshold: 21.00 MB
Current GC threshold: 21.00 MB
CDS: on
 - commit_granule_bytes: 65536.
 - commit_granule_words: 8192.
 - virtual_space_node_default_size: 8388608.
 - enlarge_chunks_in_place: 1.
 - use_allocation_guard: 0.


Internal statistics:

num_allocs_failed_limit: 0.
num_arena_births: 508.
num_arena_deaths: 0.
num_vsnodes_births: 2.
num_vsnodes_deaths: 0.
num_space_committed: 321.
num_space_uncommitted: 0.
num_chunks_returned_to_freelist: 0.
num_chunks_taken_from_freelist: 1085.
num_chunk_merges: 0.
num_chunk_splits: 661.
num_chunks_enlarged: 410.
num_inconsistent_stats: 0.

CodeHeap 'non-profiled nmethods': size=120000Kb used=1163Kb max_used=1163Kb free=118836Kb
 bounds [0x000001e1f7b50000, 0x000001e1f7dc0000, 0x000001e1ff080000]
CodeHeap 'profiled nmethods': size=120000Kb used=5440Kb max_used=5440Kb free=114560Kb
 bounds [0x000001e1f0080000, 0x000001e1f05d0000, 0x000001e1f75b0000]
CodeHeap 'non-nmethods': size=5760Kb used=1518Kb max_used=1534Kb free=4242Kb
 bounds [0x000001e1f75b0000, 0x000001e1f7820000, 0x000001e1f7b50000]
 total_blobs=3510 nmethods=2924 adapters=490
 compilation: enabled
              stopped_count=0, restarted_count=0
 full_count=0

Compilation events (20 events):
Event: 64.383 Thread 0x000001e183f76aa0 nmethod 2896 0x000001e1f05c7e90 code [0x000001e1f05c8040, 0x000001e1f05c8188]
Event: 64.384 Thread 0x000001e183f76aa0 2898       3       java.util.stream.Collectors::joining (34 bytes)
Event: 64.385 Thread 0x000001e183f76aa0 nmethod 2898 0x000001e1f05c8290 code [0x000001e1f05c8520, 0x000001e1f05c94a8]
Event: 64.385 Thread 0x000001e183f76aa0 2899       3       java.util.stream.Collectors$$Lambda/0x800000047::<init> (20 bytes)
Event: 64.385 Thread 0x000001e183f76aa0 nmethod 2899 0x000001e1f05c9910 code [0x000001e1f05c9ac0, 0x000001e1f05c9d40]
Event: 64.385 Thread 0x000001e183f76aa0 2900       3       java.util.stream.Collectors::lambda$joining$11 (11 bytes)
Event: 64.385 Thread 0x000001e183f76aa0 nmethod 2900 0x000001e1f05c9e10 code [0x000001e1f05c9fc0, 0x000001e1f05ca160]
Event: 64.385 Thread 0x000001e183f76aa0 2901       3       java.util.Formatter$FormatSpecifier::printString (97 bytes)
Event: 64.386 Thread 0x000001e183f75330 2904       4       java.lang.Integer::stringSize (47 bytes)
Event: 64.387 Thread 0x000001e183f76aa0 nmethod 2901 0x000001e1f05ca210 code [0x000001e1f05ca4e0, 0x000001e1f05cb3d0]
Event: 64.387 Thread 0x000001e183f76aa0 2903       3       java.lang.StringLatin1::inflate (10 bytes)
Event: 64.387 Thread 0x000001e183f76aa0 nmethod 2903 0x000001e1f05cb890 code [0x000001e1f05cba40, 0x000001e1f05cbb58]
Event: 64.387 Thread 0x000001e183f76aa0 2902       3       java.util.Formatter$FormatSpecifier::print (57 bytes)
Event: 64.388 Thread 0x000001e183f76aa0 nmethod 2902 0x000001e1f05cbc10 code [0x000001e1f05cbe80, 0x000001e1f05cc858]
Event: 64.388 Thread 0x000001e183f76aa0 2906       3       java.io.PrintWriter::ensureOpen (18 bytes)
Event: 64.388 Thread 0x000001e183f76aa0 nmethod 2906 0x000001e1f05ccc10 code [0x000001e1f05ccdc0, 0x000001e1f05ccfd0]
Event: 64.391 Thread 0x000001e183f75330 nmethod 2904 0x000001e1f7c68f90 code [0x000001e1f7c69100, 0x000001e1f7c691e8]
Event: 64.391 Thread 0x000001e183f75330 2905       4       java.lang.Integer::getChars (121 bytes)
Event: 64.392 Thread 0x000001e183f76aa0 2907       3       java.nio.ByteBuffer::flip (7 bytes)
Event: 64.392 Thread 0x000001e183f76aa0 nmethod 2907 0x000001e1f05cd090 code [0x000001e1f05cd240, 0x000001e1f05cd3c0]

GC Heap History (4 events):
Event: 1.873 GC heap before
{Heap before GC invocations=0 (full 0):
 garbage-first heap   total 96256K, used 23552K [0x00000000a2200000, 0x0000000100000000)
  region size 1024K, 23 young (23552K), 0 survivors (0K)
 Metaspace       used 7477K, committed 7744K, reserved 1114112K
  class space    used 842K, committed 960K, reserved 1048576K
}
Event: 1.880 GC heap after
{Heap after GC invocations=1 (full 0):
 garbage-first heap   total 96256K, used 8075K [0x00000000a2200000, 0x0000000100000000)
  region size 1024K, 3 young (3072K), 3 survivors (3072K)
 Metaspace       used 7477K, committed 7744K, reserved 1114112K
  class space    used 842K, committed 960K, reserved 1048576K
}
Event: 4.372 GC heap before
{Heap before GC invocations=1 (full 0):
 garbage-first heap   total 96256K, used 35723K [0x00000000a2200000, 0x0000000100000000)
  region size 1024K, 31 young (31744K), 3 survivors (3072K)
 Metaspace       used 17045K, committed 17408K, reserved 1114112K
  class space    used 2082K, committed 2240K, reserved 1048576K
}
Event: 4.381 GC heap after
{Heap after GC invocations=2 (full 0):
 garbage-first heap   total 96256K, used 11947K [0x00000000a2200000, 0x0000000100000000)
  region size 1024K, 4 young (4096K), 4 survivors (4096K)
 Metaspace       used 17045K, committed 17408K, reserved 1114112K
  class space    used 2082K, committed 2240K, reserved 1048576K
}

Dll operation events (11 events):
Event: 0.019 Loaded shared library C:\Program Files\Java\jdk-21\bin\java.dll
Event: 0.080 Loaded shared library C:\Program Files\Java\jdk-21\bin\jsvml.dll
Event: 0.235 Loaded shared library C:\Program Files\Java\jdk-21\bin\net.dll
Event: 0.243 Loaded shared library C:\Program Files\Java\jdk-21\bin\nio.dll
Event: 0.254 Loaded shared library C:\Program Files\Java\jdk-21\bin\zip.dll
Event: 0.631 Loaded shared library C:\Program Files\Java\jdk-21\bin\jimage.dll
Event: 0.914 Loaded shared library C:\Program Files\Java\jdk-21\bin\extnet.dll
Event: 2.069 Loaded shared library C:\Program Files\Java\jdk-21\bin\verify.dll
Event: 2.611 Loaded shared library C:\Program Files\Java\jdk-21\bin\management.dll
Event: 2.621 Loaded shared library C:\Program Files\Java\jdk-21\bin\management_ext.dll
Event: 3.800 Loaded shared library C:\Program Files\Java\jdk-21\bin\sunmscapi.dll

Deoptimization events (20 events):
Event: 59.903 Thread 0x000001e1e7c0b970 DEOPT PACKING pc=0x000001e1f7b88e84 sp=0x000000c30acfd5c0
Event: 59.903 Thread 0x000001e1e7c0b970 DEOPT UNPACKING pc=0x000001e1f76046a2 sp=0x000000c30acfd4c8 mode 2
Event: 59.903 Thread 0x000001e1e7c0b970 Uncommon trap: trap_request=0xffffff45 fr.pc=0x000001e1f7b85d0c relative=0x00000000000000ec
Event: 59.903 Thread 0x000001e1e7c0b970 Uncommon trap: reason=unstable_if action=reinterpret pc=0x000001e1f7b85d0c method=java.lang.String.getBytes([BIB)V @ 5 c2
Event: 59.903 Thread 0x000001e1e7c0b970 DEOPT PACKING pc=0x000001e1f7b85d0c sp=0x000000c30acfd4f0
Event: 59.903 Thread 0x000001e1e7c0b970 DEOPT UNPACKING pc=0x000001e1f76046a2 sp=0x000000c30acfd4b8 mode 2
Event: 59.903 Thread 0x000001e1e7c0b970 Uncommon trap: trap_request=0xffffff45 fr.pc=0x000001e1f7b83c48 relative=0x0000000000000468
Event: 59.903 Thread 0x000001e1e7c0b970 Uncommon trap: reason=unstable_if action=reinterpret pc=0x000001e1f7b83c48 method=java.lang.AbstractStringBuilder.isLatin1()Z @ 10 c2
Event: 59.903 Thread 0x000001e1e7c0b970 DEOPT PACKING pc=0x000001e1f7b83c48 sp=0x000000c30acfd5c0
Event: 59.903 Thread 0x000001e1e7c0b970 DEOPT UNPACKING pc=0x000001e1f76046a2 sp=0x000000c30acfd550 mode 2
Event: 59.903 Thread 0x000001e1e7c0b970 Uncommon trap: trap_request=0xffffff45 fr.pc=0x000001e1f7be96c0 relative=0x0000000000000740
Event: 59.903 Thread 0x000001e1e7c0b970 Uncommon trap: reason=unstable_if action=reinterpret pc=0x000001e1f7be96c0 method=java.lang.AbstractStringBuilder.append(I)Ljava/lang/AbstractStringBuilder; @ 21 c2
Event: 59.903 Thread 0x000001e1e7c0b970 DEOPT PACKING pc=0x000001e1f7be96c0 sp=0x000000c30acfd5f0
Event: 59.903 Thread 0x000001e1e7c0b970 DEOPT UNPACKING pc=0x000001e1f76046a2 sp=0x000000c30acfd5d0 mode 2
Event: 59.904 Thread 0x000001e1e7c0b970 Uncommon trap: trap_request=0xffffff45 fr.pc=0x000001e1f7c53c24 relative=0x0000000000000264
Event: 59.904 Thread 0x000001e1e7c0b970 Uncommon trap: reason=unstable_if action=reinterpret pc=0x000001e1f7c53c24 method=java.lang.String.getChars(II[CI)V @ 24 c2
Event: 59.904 Thread 0x000001e1e7c0b970 DEOPT PACKING pc=0x000001e1f7c53c24 sp=0x000000c30acfd710
Event: 59.904 Thread 0x000001e1e7c0b970 DEOPT UNPACKING pc=0x000001e1f76046a2 sp=0x000000c30acfd6d0 mode 2
Event: 59.919 Thread 0x000001e1e7c0b970 DEOPT PACKING pc=0x000001e1f03658cd sp=0x000000c30acfd4a0
Event: 59.920 Thread 0x000001e1e7c0b970 DEOPT UNPACKING pc=0x000001e1f7604e42 sp=0x000000c30acfc918 mode 0

Classes loaded (20 events):
Event: 6.303 Loading class java/time/ZonedDateTime$1
Event: 6.304 Loading class java/time/ZonedDateTime$1 done
Event: 7.363 Loading class java/net/URLEncoder
Event: 7.364 Loading class java/net/URLEncoder done
Event: 7.365 Loading class java/io/CharArrayWriter
Event: 7.365 Loading class java/io/CharArrayWriter done
Event: 59.104 Loading class java/util/TreeMap$EntrySpliterator
Event: 59.250 Loading class java/nio/StringCharBuffer
Event: 59.321 Loading class java/util/TreeMap$EntrySpliterator done
Event: 59.389 Loading class java/lang/invoke/WrongMethodTypeException
Event: 59.454 Loading class java/nio/StringCharBuffer done
Event: 59.527 Loading class java/lang/invoke/WrongMethodTypeException done
Event: 59.600 Loading class java/lang/StackTraceElement$HashedModules
Event: 59.674 Loading class java/lang/StackTraceElement$HashedModules done
Event: 59.814 Loading class java/lang/Throwable$WrappedPrintWriter
Event: 59.852 Loading class java/lang/Throwable$PrintStreamOrWriter
Event: 59.853 Loading class java/lang/Throwable$PrintStreamOrWriter done
Event: 59.853 Loading class java/lang/Throwable$WrappedPrintWriter done
Event: 59.904 Loading class java/lang/Throwable$WrappedPrintStream
Event: 59.904 Loading class java/lang/Throwable$WrappedPrintStream done

Classes unloaded (0 events):
No events

Classes redefined (0 events):
No events

Internal exceptions (20 events):
Event: 3.764 Thread 0x000001e1e7c0b970 Exception <a 'java/lang/NoSuchMethodError'{0x00000000a6ed6730}: 'int java.lang.invoke.DirectMethodHandle$Holder.invokeSpecial(java.lang.Object, java.lang.Object, java.lang.Object, java.lang.Object)'> (0x00000000a6ed6730) 
thrown [s\open\src\hotspot\share\interpreter\linkResolver.cpp, line 773]
Event: 3.765 Thread 0x000001e1e7c0b970 Exception <a 'java/lang/NoSuchMethodError'{0x00000000a6ee4078}: 'java.lang.Object java.lang.invoke.DirectMethodHandle$Holder.invokeStatic(java.lang.Object, int, java.lang.Object, java.lang.Object)'> (0x00000000a6ee4078) 
thrown [s\open\src\hotspot\share\interpreter\linkResolver.cpp, line 773]
Event: 3.765 Thread 0x000001e1e7c0b970 Exception <a 'java/lang/NoSuchMethodError'{0x00000000a6ee7f68}: 'java.lang.Object java.lang.invoke.DirectMethodHandle$Holder.invokeSpecial(java.lang.Object, java.lang.Object, int, java.lang.Object, java.lang.Object)'> (0x00000000a6ee7f68) 
thrown [s\open\src\hotspot\share\interpreter\linkResolver.cpp, line 773]
Event: 3.766 Thread 0x000001e1e7c0b970 Exception <a 'java/lang/NoSuchMethodError'{0x00000000a6eeb988}: 'java.lang.Object java.lang.invoke.DelegatingMethodHandle$Holder.delegate(java.lang.Object, int, java.lang.Object, java.lang.Object)'> (0x00000000a6eeb988) 
thrown [s\open\src\hotspot\share\interpreter\linkResolver.cpp, line 773]
Event: 3.769 Thread 0x000001e1e7c0b970 Exception <a 'java/lang/NoSuchMethodError'{0x00000000a6efaee0}: 'int java.lang.invoke.Invokers$Holder.linkToTargetMethod(java.lang.Object, java.lang.Object, java.lang.Object)'> (0x00000000a6efaee0) 
thrown [s\open\src\hotspot\share\interpreter\linkResolver.cpp, line 773]
Event: 3.772 Thread 0x000001e1e7c0b970 Exception <a 'java/lang/NoSuchMethodError'{0x00000000a6d0a6b0}: 'long java.lang.invoke.DirectMethodHandle$Holder.invokeSpecial(java.lang.Object, java.lang.Object)'> (0x00000000a6d0a6b0) 
thrown [s\open\src\hotspot\share\interpreter\linkResolver.cpp, line 773]
Event: 3.863 Thread 0x000001e1e7c0b970 Exception <a 'sun/nio/fs/WindowsException'{0x00000000a6df5c50}> (0x00000000a6df5c50) 
thrown [s\open\src\hotspot\share\prims\jni.cpp, line 520]
Event: 4.237 Thread 0x000001e1e7c0b970 Exception <a 'java/lang/NoSuchMethodError'{0x00000000a6287a08}: 'java.lang.Object java.lang.invoke.DirectMethodHandle$Holder.invokeVirtual(java.lang.Object, java.lang.Object, java.lang.Object, java.lang.Object)'> (0x00000000a6287a08) 
thrown [s\open\src\hotspot\share\interpreter\linkResolver.cpp, line 773]
Event: 4.282 Thread 0x000001e1cab6e8e0 Exception <a 'java/net/ConnectException'{0x00000000a610a700}: Connection refused: getsockopt> (0x00000000a610a700) 
thrown [s\open\src\hotspot\share\prims\jni.cpp, line 539]
Event: 4.302 Thread 0x000001e1cab6e8e0 Exception <a 'java/net/ConnectException'{0x00000000a610b850}: Connection refused: getsockopt> (0x00000000a610b850) 
thrown [s\open\src\hotspot\share\prims\jni.cpp, line 539]
Event: 4.364 Thread 0x000001e1e7c0b970 Exception <a 'java/lang/NoSuchMethodError'{0x00000000a61c56a8}: 'java.lang.Object java.lang.invoke.DirectMethodHandle$Holder.newInvokeSpecial(java.lang.Object, java.lang.Object, int, int)'> (0x00000000a61c56a8) 
thrown [s\open\src\hotspot\share\interpreter\linkResolver.cpp, line 773]
Event: 4.365 Thread 0x000001e1e7c0b970 Exception <a 'java/lang/NoSuchMethodError'{0x00000000a61cfb70}: 'void java.lang.invoke.DirectMethodHandle$Holder.invokeStatic(java.lang.Object, java.lang.Object, int)'> (0x00000000a61cfb70) 
thrown [s\open\src\hotspot\share\interpreter\linkResolver.cpp, line 773]
Event: 4.408 Thread 0x000001e1ca36e720 Exception <a 'java/lang/NoSuchMethodError'{0x00000000a7ffaa20}: 'void java.lang.invoke.DirectMethodHandle$Holder.invokeStatic(java.lang.Object, java.lang.Object, java.lang.Object, java.lang.Object, java.lang.Object, java.lang.Object, java.lang.Object)'> (0x00000000a7ffaa20) 
thrown [s\open\src\hotspot\share\interpreter\linkResolver.cpp, line 773]
Event: 6.106 Thread 0x000001e1e7c0b970 Exception <a 'java/lang/NoSuchMethodError'{0x00000000a7c5a7d0}: 'java.lang.Object java.lang.invoke.DirectMethodHandle$Holder.invokeSpecialIFC(java.lang.Object, java.lang.Object, java.lang.Object)'> (0x00000000a7c5a7d0) 
thrown [s\open\src\hotspot\share\interpreter\linkResolver.cpp, line 773]
Event: 6.197 Thread 0x000001e1ca8fd2f0 Implicit null exception at 0x000001e1f7bacd24 to 0x000001e1f7bad754
Event: 6.301 Thread 0x000001e1e7c0b970 Exception <a 'java/lang/ClassNotFoundException'{0x00000000a7854d98}: sun/util/logging/resources/spi/loggingProvider> (0x00000000a7854d98) 
thrown [s\open\src\hotspot\share\classfile\systemDictionary.cpp, line 312]
Event: 12.534 Thread 0x000001e1cab6e8e0 Exception <a 'java/net/ConnectException'{0x00000000a75b6d00}: Connection refused: getsockopt> (0x00000000a75b6d00) 
thrown [s\open\src\hotspot\share\prims\jni.cpp, line 539]
Event: 12.552 Thread 0x000001e1cab6e8e0 Exception <a 'java/net/ConnectException'{0x00000000a75b7c78}: Connection refused: getsockopt> (0x00000000a75b7c78) 
thrown [s\open\src\hotspot\share\prims\jni.cpp, line 539]
Event: 12.584 Thread 0x000001e1cab6e8e0 Exception <a 'java/net/ConnectException'{0x00000000a75b8bf0}: Connection refused: getsockopt> (0x00000000a75b8bf0) 
thrown [s\open\src\hotspot\share\prims\jni.cpp, line 539]
Event: 59.152 Thread 0x000001e1c99488e0 Exception <a 'java/lang/NoSuchMethodError'{0x00000000a73b4f90}: 'void java.lang.invoke.DirectMethodHandle$Holder.invokeSpecial(java.lang.Object, java.lang.Object, int, java.lang.Object, java.lang.Object)'> (0x00000000a73b4f90) 
thrown [s\open\src\hotspot\share\interpreter\linkResolver.cpp, line 773]

ZGC Phase Switch (0 events):
No events

VM Operations (20 events):
Event: 13.319 Executing VM operation: Cleanup
Event: 13.319 Executing VM operation: Cleanup done
Event: 41.499 Executing VM operation: Cleanup
Event: 41.499 Executing VM operation: Cleanup done
Event: 56.640 Executing VM operation: Cleanup
Event: 56.640 Executing VM operation: Cleanup done
Event: 57.643 Executing VM operation: Cleanup
Event: 57.643 Executing VM operation: Cleanup done
Event: 58.653 Executing VM operation: Cleanup
Event: 58.653 Executing VM operation: Cleanup done
Event: 59.666 Executing VM operation: Cleanup
Event: 59.682 Executing VM operation: Cleanup done
Event: 60.223 Executing VM operation: HandshakeAllThreads (HandshakeForDeflation)
Event: 60.223 Executing VM operation: HandshakeAllThreads (HandshakeForDeflation) done
Event: 60.223 Executing VM operation: RendezvousGCThreads
Event: 60.223 Executing VM operation: RendezvousGCThreads done
Event: 61.225 Executing VM operation: Cleanup
Event: 61.225 Executing VM operation: Cleanup done
Event: 62.232 Executing VM operation: Cleanup
Event: 62.232 Executing VM operation: Cleanup done

Events (20 events):
Event: 12.514 Thread 0x000001e1c994ca80 Thread exited: 0x000001e1c994ca80
Event: 12.522 Thread 0x000001e1c9949c90 Thread added: 0x000001e1c9949c90
Event: 12.533 Thread 0x000001e1c994a320 Thread added: 0x000001e1c994a320
Event: 12.533 Thread 0x000001e1c9947bc0 Thread added: 0x000001e1c9947bc0
Event: 12.533 Thread 0x000001e1c994de30 Thread added: 0x000001e1c994de30
Event: 12.638 Thread 0x000001e1c994d110 Thread added: 0x000001e1c994d110
Event: 12.640 Thread 0x000001e1c994b040 Thread added: 0x000001e1c994b040
Event: 12.640 Thread 0x000001e1c994b6d0 Thread added: 0x000001e1c994b6d0
Event: 12.640 Thread 0x000001e1c994d7a0 Thread added: 0x000001e1c994d7a0
Event: 24.384 Thread 0x000001e1ca3d78b0 Thread exited: 0x000001e1ca3d78b0
Event: 56.684 Thread 0x000001e1c9948250 Thread added: 0x000001e1c9948250
Event: 56.685 Thread 0x000001e1c99488e0 Thread added: 0x000001e1c99488e0
Event: 56.826 Thread 0x000001e1c9948f70 Thread added: 0x000001e1c9948f70
Event: 56.827 Thread 0x000001e1c9949600 Thread added: 0x000001e1c9949600
Event: 59.909 Thread 0x000001e1c9acfb80 Thread added: 0x000001e1c9acfb80
Event: 59.909 Thread 0x000001e1c9ad0220 Thread added: 0x000001e1c9ad0220
Event: 62.039 Thread 0x000001e1c9ad0220 Thread exited: 0x000001e1c9ad0220
Event: 62.041 Thread 0x000001e1c9acfb80 Thread exited: 0x000001e1c9acfb80
Event: 63.317 Thread 0x000001e1c994a9b0 Thread added: 0x000001e1c994a9b0
Event: 64.362 Thread 0x000001e1c994a9b0 Thread exited: 0x000001e1c994a9b0


Dynamic libraries:
0x00007ff7e3510000 - 0x00007ff7e3520000 	C:\Program Files\Java\jdk-21\bin\javaw.exe
0x00007ffe734b0000 - 0x00007ffe736c7000 	C:\WINDOWS\SYSTEM32\ntdll.dll
0x00007ffe72230000 - 0x00007ffe722f4000 	C:\WINDOWS\System32\KERNEL32.DLL
0x00007ffe70760000 - 0x00007ffe70b30000 	C:\WINDOWS\System32\KERNELBASE.dll
0x00007ffe70d00000 - 0x00007ffe70e11000 	C:\WINDOWS\System32\ucrtbase.dll
0x00007ffe4ea20000 - 0x00007ffe4ea3b000 	C:\Program Files\Java\jdk-21\bin\VCRUNTIME140.dll
0x00007ffe4ea00000 - 0x00007ffe4ea19000 	C:\Program Files\Java\jdk-21\bin\jli.dll
0x00007ffe71b00000 - 0x00007ffe71bb1000 	C:\WINDOWS\System32\ADVAPI32.dll
0x00007ffe72870000 - 0x00007ffe72917000 	C:\WINDOWS\System32\msvcrt.dll
0x00007ffe72410000 - 0x00007ffe724b7000 	C:\WINDOWS\System32\sechost.dll
0x00007ffe70f40000 - 0x00007ffe70f68000 	C:\WINDOWS\System32\bcrypt.dll
0x00007ffe72750000 - 0x00007ffe72864000 	C:\WINDOWS\System32\RPCRT4.dll
0x00007ffe72080000 - 0x00007ffe7222e000 	C:\WINDOWS\System32\USER32.dll
0x00007ffe70bb0000 - 0x00007ffe70bd6000 	C:\WINDOWS\System32\win32u.dll
0x00007ffe71650000 - 0x00007ffe71679000 	C:\WINDOWS\System32\GDI32.dll
0x00007ffe59af0000 - 0x00007ffe59d82000 	C:\WINDOWS\WinSxS\amd64_microsoft.windows.common-controls_6595b64144ccf1df_6.0.22621.4830_none_270fe7d773858e80\COMCTL32.dll
0x00007ffe70e20000 - 0x00007ffe70f3b000 	C:\WINDOWS\System32\gdi32full.dll
0x00007ffe70be0000 - 0x00007ffe70c7a000 	C:\WINDOWS\System32\msvcp_win.dll
0x00007ffe66f30000 - 0x00007ffe66f3a000 	C:\WINDOWS\SYSTEM32\VERSION.dll
0x00007ffe72920000 - 0x00007ffe72951000 	C:\WINDOWS\System32\IMM32.DLL
0x00007ffe50770000 - 0x00007ffe5077c000 	C:\Program Files\Java\jdk-21\bin\vcruntime140_1.dll
0x00007ffe4e0a0000 - 0x00007ffe4e12e000 	C:\Program Files\Java\jdk-21\bin\msvcp140.dll
0x00007ffe4d2d0000 - 0x00007ffe4dfea000 	C:\Program Files\Java\jdk-21\bin\server\jvm.dll
0x00007ffe724c0000 - 0x00007ffe72531000 	C:\WINDOWS\System32\WS2_32.dll
0x00007ffe69560000 - 0x00007ffe69594000 	C:\WINDOWS\SYSTEM32\WINMM.dll
0x00007ffe70630000 - 0x00007ffe7067d000 	C:\WINDOWS\SYSTEM32\POWRPROF.dll
0x00007ffe70610000 - 0x00007ffe70623000 	C:\WINDOWS\SYSTEM32\UMPDC.dll
0x00007ffe6f7a0000 - 0x00007ffe6f7b8000 	C:\WINDOWS\SYSTEM32\kernel.appcore.dll
0x00007ffe4e070000 - 0x00007ffe4e07a000 	C:\Program Files\Java\jdk-21\bin\jimage.dll
0x00007ffe6e1a0000 - 0x00007ffe6e3d2000 	C:\WINDOWS\SYSTEM32\DBGHELP.DLL
0x00007ffe711a0000 - 0x00007ffe71530000 	C:\WINDOWS\System32\combase.dll
0x00007ffe72960000 - 0x00007ffe72a37000 	C:\WINDOWS\System32\OLEAUT32.dll
0x00007ffe67030000 - 0x00007ffe67062000 	C:\WINDOWS\SYSTEM32\dbgcore.DLL
0x00007ffe70c80000 - 0x00007ffe70cfb000 	C:\WINDOWS\System32\bcryptPrimitives.dll
0x00007ffe4e000000 - 0x00007ffe4e01f000 	C:\Program Files\Java\jdk-21\bin\java.dll
0x00007ffe72bf0000 - 0x00007ffe73468000 	C:\WINDOWS\System32\SHELL32.dll
0x00007ffe6e6b0000 - 0x00007ffe6efc0000 	C:\WINDOWS\SYSTEM32\windows.storage.dll
0x00007ffe6e570000 - 0x00007ffe6e6af000 	C:\WINDOWS\SYSTEM32\wintypes.dll
0x00007ffe71530000 - 0x00007ffe7163a000 	C:\WINDOWS\System32\SHCORE.dll
0x00007ffe71e90000 - 0x00007ffe71eee000 	C:\WINDOWS\System32\shlwapi.dll
0x00007ffe70690000 - 0x00007ffe706bb000 	C:\WINDOWS\SYSTEM32\profapi.dll
0x00007ffe493d0000 - 0x00007ffe494a7000 	C:\Program Files\Java\jdk-21\bin\jsvml.dll
0x00007ffe4a380000 - 0x00007ffe4a390000 	C:\Program Files\Java\jdk-21\bin\net.dll
0x00007ffe696d0000 - 0x00007ffe697fc000 	C:\WINDOWS\SYSTEM32\WINHTTP.dll
0x00007ffe6fc20000 - 0x00007ffe6fc8a000 	C:\WINDOWS\system32\mswsock.dll
0x00007ffe49040000 - 0x00007ffe49056000 	C:\Program Files\Java\jdk-21\bin\nio.dll
0x00007ffe48ff0000 - 0x00007ffe49008000 	C:\Program Files\Java\jdk-21\bin\zip.dll
0x00007ffe6f2e0000 - 0x00007ffe6f3e2000 	C:\WINDOWS\SYSTEM32\DNSAPI.dll
0x00007ffe6f260000 - 0x00007ffe6f28d000 	C:\WINDOWS\SYSTEM32\IPHLPAPI.DLL
0x00007ffe71640000 - 0x00007ffe71649000 	C:\WINDOWS\System32\NSI.dll
0x00007ffe653b0000 - 0x00007ffe653ba000 	C:\Windows\System32\rasadhlp.dll
0x00007ffe67600000 - 0x00007ffe67683000 	C:\WINDOWS\System32\fwpuclnt.dll
0x00007ffe46b60000 - 0x00007ffe46b69000 	C:\Program Files\Java\jdk-21\bin\extnet.dll
0x00007ffe6fe70000 - 0x00007ffe6fe8b000 	C:\WINDOWS\SYSTEM32\CRYPTSP.dll
0x00007ffe6f700000 - 0x00007ffe6f735000 	C:\WINDOWS\system32\rsaenh.dll
0x00007ffe6fd10000 - 0x00007ffe6fd38000 	C:\WINDOWS\SYSTEM32\USERENV.dll
0x00007ffe6fe90000 - 0x00007ffe6fe9c000 	C:\WINDOWS\SYSTEM32\CRYPTBASE.dll
0x00007ffe44590000 - 0x00007ffe445a0000 	C:\Program Files\Java\jdk-21\bin\verify.dll
0x00007ffe44a50000 - 0x00007ffe44a5a000 	C:\Program Files\Java\jdk-21\bin\management.dll
0x00007ffe44a40000 - 0x00007ffe44a4b000 	C:\Program Files\Java\jdk-21\bin\management_ext.dll
0x00007ffe726e0000 - 0x00007ffe726e8000 	C:\WINDOWS\System32\PSAPI.DLL
0x00007ffe44550000 - 0x00007ffe4455e000 	C:\Program Files\Java\jdk-21\bin\sunmscapi.dll
0x00007ffe70f70000 - 0x00007ffe710d6000 	C:\WINDOWS\System32\CRYPT32.dll
0x00007ffe70030000 - 0x00007ffe7005d000 	C:\WINDOWS\SYSTEM32\ncrypt.dll
0x00007ffe6fff0000 - 0x00007ffe70027000 	C:\WINDOWS\SYSTEM32\NTASN1.dll
0x00007ffe44a60000 - 0x00007ffe44a68000 	C:\WINDOWS\system32\wshunix.dll

dbghelp: loaded successfully - version: 4.0.5 - missing functions: none
symbol engine: initialized successfully - sym options: 0x614 - pdb path: .;C:\Program Files\Java\jdk-21\bin;C:\WINDOWS\SYSTEM32;C:\WINDOWS\WinSxS\amd64_microsoft.windows.common-controls_6595b64144ccf1df_6.0.22621.4830_none_270fe7d773858e80;C:\Program Files\Java\jdk-21\bin\server

VM Arguments:
jvm_args: -ea -Dfile.encoding=UTF-8 -Dstdout.encoding=UTF-8 -Dstderr.encoding=UTF-8 -XX:+ShowCodeDetailsInExceptionMessages 
java_command: org.testng.remote.RemoteTestNG -serport 61921 -protocol json -d C:\Education\wipro_selenium\PetStore\test-output C:\Users\91639\AppData\Local\Temp\testng-eclipse-569991376\testng-customsuite.xml
java_class_path (initial): C:\Users\91639\eclipse\jee-2024-06\eclipse\configuration\org.eclipse.osgi\1020\0\.cp\lib\testng-remote.jar;C:\Education\wipro_selenium\PetStore\target\test-classes;C:\Education\wipro_selenium\PetStore\target\classes;C:\Users\91639\.m2\repository\com\aventstack\extentreports\5.0.9\extentreports-5.0.9.jar;C:\Users\91639\.m2\repository\io\reactivex\rxjava3\rxjava\3.0.4\rxjava-3.0.4.jar;C:\Users\91639\.m2\repository\org\reactivestreams\reactive-streams\1.0.3\reactive-streams-1.0.3.jar;C:\Users\91639\.m2\repository\org\freemarker\freemarker\2.3.30\freemarker-2.3.30.jar;C:\Users\91639\.m2\repository\org\projectlombok\lombok\1.18.12\lombok-1.18.12.jar;C:\Users\91639\.m2\repository\com\google\code\gson\gson\2.8.6\gson-2.8.6.jar;C:\Users\91639\.m2\repository\tech\grasshopper\extentreports-cucumber7-adapter\1.13.0\extentreports-cucumber7-adapter-1.13.0.jar;C:\Users\91639\.m2\repository\tech\grasshopper\extent-pdf-report\2.11.0\extent-pdf-report-2.11.0.jar;C:\Users\91639\.m2\repository\tech\grasshopper\cucumber-pdf-report\2.13.0\cucumber-pdf-report-2.13.0.jar;C:\Users\91639\.m2\repository\org\apache\pdfbox\pdfbox\2.0.26\pdfbox-2.0.26.jar;C:\Users\91639\.m2\repository\org\apache\pdfbox\fontbox\2.0.26\fontbox-2.0.26.jar;C:\Users\91639\.m2\repository\org\knowm\xchart\xchart\3.8.0\xchart-3.8.0.jar;C:\Users\91639\.m2\repository\de\erichseifert\vectorgraphics2d\VectorGraphics2D\0.13\VectorGraphics2D-0.13.jar;C:\Users\91639\.m2\repository\de\rototor\pdfbox\graphics2d\0.30\graphics2d-0.30.jar;C:\Users\91639\.m2\repository\com\madgag\animated-gif-lib\1.4\animated-gif-lib-1.4.jar;C:\Users\91639\.m2\repository\org\yaml\snakeyaml\2.0\snakeyaml-2.0.jar;C:\Users\91639\.m2\repository\tech\grasshopper\table-layout\1.5.1\table-layout-1.5.1.jar;C:\Users\91639\.m2\repository\tech\grasshopper\rest-assured-cucumber-pdf-report\1.4.1\rest-assured-cucumber-pdf-report-1.4.1.jar;C:\Users\91639\.m2\repository\org\jsoup\jsoup\1.15.3\jsoup-1.15.3.jar;C:\Users\91639\.m2\repository\com\aventstack\klov-reporter\5.0.9\klov-reporter-5.0.9.jar;C:\Users\91639\.m2\repository\org\mongodb\mongodb-driver\3.6.4\mongodb-driver-3.6.4.jar;C:\Users\91639\.m2\repository\org\mongodb\mongodb-driver-core\3.6.4\mongodb-driver-core-3.6.4.jar;C:\Users\91639\.m2\repository\org\mongodb\bson\3.6.4\bson-3.6.4.jar;C:\Users\91639\.m2\repository\org\apache\httpcomponents\httpclient\4.5.13\httpclient-4.5.13.jar;C:\Users\91639\.m2\repository\org\apache\httpcomponents\httpcore\4.4.13\httpcore-4.4.13.jar;C:\Users\91639\.m2\repository\commons-logging\commons-logging\1.2\commons-logging-1.2.jar;C:\Users\91639\.m2\repository\commons-codec\commons-codec\1.11\commons-codec-1.11.jar;C:\Users\91639\.m2\repository\org\apache\httpcomponents\httpmime\4.5.13\httpmime-4.5.13.jar;C:\Users\91639\.m2\repository\tech\grasshopper\htmlextentreporter\1.0.1\htmlextentreporter-1.0.1.jar;C:\Users\91639\.m2\repository\tech\grasshopper\extent-excel-report\1.3.0\extent-excel-report-1.3.0.jar;C:\Users\91639\.m2\repository\org\apache\poi\poi\5.2.3\poi-5.2.3.jar;C:\Users\91639\.m2\repository\org\apache\commons\commons-collections4\4.4\commons-collections4-4.4.jar;C:\Users\91639\.m2\repository\org\apache\commons\commons-math3\3.6.1\commons-math3-3.6.1.jar;C:\Users\91639\.m2\repository\commons-io\commons-io\2.11.0\commons-io-2.11.0.jar;C:\Users\91639\.m2\repository\com\zaxxer\SparseBitSet\1.2\SparseBitSet-1.2.jar;C:\Users\91639\.m2\repository\org\apache\logging\log4j\log4j-api\2.18.0\log4j-api-2.18.0.jar;C:\Users\91639\.m2\repository\org\apache\poi\poi-ooxml\5.2.3\poi-ooxml-5.2.3.jar;C:\Users\91639\.m2\repository\org\apache\poi\poi-ooxml-lite\5.2.3\poi-ooxml-lite-5.2.3.jar;C:\Users\91639\.m2\repository\org\apache\xmlbeans\xmlbeans\5.1.1\xmlbeans-5.1.1.jar;C:\Users\91639\.m2\repository\org\apache\commons\commons-compress\1.21\commons-compress-1.21.jar;C:\Users\91639\.m2\repository\com\github\virtuald\curvesapi\1.07\curvesapi-1.07.jar;C:\Users\91639\.m2\repository\io\cucumber\cucumber-java\7.3.3\cucumber-java-7.3.3.jar;C:\Users\91639\.m2\repository\io\cucumber\cucumber-core\7.3.3\cucumber-core-7.3.3.jar;C:\Users\91639\.m2\repository\io\cucumber\cucumber-gherkin\7.3.3\cucumber-gherkin-7.3.3.jar;C:\Users\91639\.m2\repository\io\cucumber\cucumber-gherkin-messages\7.3.3\cucumber-gherkin-messages-7.3.3.jar;C:\Users\91639\.m2\repository\io\cucumber\gherkin\23.0.1\gherkin-23.0.1.jar;C:\Users\91639\.m2\repository\io\cucumber\messages\18.0.0\messages-18.0.0.jar;C:\Users\91639\.m2\repository\io\cucumber\tag-expressions\4.1.0\tag-expressions-4.1.0.jar;C:\Users\91639\.m2\repository\io\cucumber\cucumber-expressions\15.1.1\cucumber-expressions-15.1.1.jar;C:\Users\91639\.m2\repository\io\cucumber\datatable\7.3.3\datatable-7.3.3.jar;C:\Users\91639\.m2\repository\io\cucumber\docstring\7.3.3\docstring-7.3.3.jar;C:\Users\91639\.m2\repository\io\cucumber\html-formatter\19.1.0\html-formatter-19.1.0.jar;C:\Users\91639\.m2\repository\io\cucumber\ci-environment\9.0.4\ci-environment-9.0.4.jar;C:\Users\91639\.m2\repository\org\apiguardian\apiguardian-api\1.1.2\apiguardian-api-1.1.2.jar;C:\Users\91639\.m2\repository\io\cucumber\cucumber-testng\7.3.3\cucumber-testng-7.3.3.jar;C:\Users\91639\.m2\repository\org\testng\testng\7.4.0\testng-7.4.0.jar;C:\Users\91639\.m2\repository\com\beust\jcommander\1.78\jcommander-1.78.jar;C:\Users\91639\.m2\repository\org\webjars\jquery\3.5.1\jquery-3.5.1.jar;C:\Users\91639\.m2\repository\org\seleniumhq\selenium\selenium-java\4.29.0\selenium-java-4.29.0.jar;C:\Users\91639\.m2\repository\org\seleniumhq\selenium\selenium-api\4.29.0\selenium-api-4.29.0.jar;C:\Users\91639\.m2\repository\org\jspecify\jspecify\1.0.0\jspecify-1.0.0.jar;C:\Users\91639\.m2\repository\org\seleniumhq\selenium\selenium-chrome-driver\4.29.0\selenium-chrome-driver-4.29.0.jar;C:\Users\91639\.m2\repository\com\google\auto\service\auto-service-annotations\1.1.1\auto-service-annotations-1.1.1.jar;C:\Users\91639\.m2\repository\org\seleniumhq\selenium\selenium-chromium-driver\4.29.0\selenium-chromium-driver-4.29.0.jar;C:\Users\91639\.m2\repository\org\seleniumhq\selenium\selenium-json\4.29.0\selenium-json-4.29.0.jar;C:\Users\91639\.m2\repository\org\seleniumhq\selenium\selenium-manager\4.29.0\selenium-manager-4.29.0.jar;C:\Users\91639\.m2\repository\org\seleniumhq\selenium\selenium-devtools-v131\4.29.0\selenium-devtools-v131-4.29.0.jar;C:\Users\91639\.m2\repository\org\seleniumhq\selenium\selenium-devtools-v132\4.29.0\selenium-devtools-v132-4.29.0.jar;C:\Users\91639\.m2\repository\org\seleniumhq\selenium\selenium-devtools-v133\4.29.0\selenium-devtools-v133-4.29.0.jar;C:\Users\91639\.m2\repository\org\seleniumhq\selenium\selenium-devtools-v85\4.29.0\selenium-devtools-v85-4.29.0.jar;C:\Users\91639\.m2\repository\org\seleniumhq\selenium\selenium-edge-driver\4.29.0\selenium-edge-driver-4.29.0.jar;C:\Users\91639\.m2\repository\org\seleniumhq\selenium\selenium-firefox-driver\4.29.0\selenium-firefox-driver-4.29.0.jar;C:\Users\91639\.m2\repository\org\seleniumhq\selenium\selenium-http\4.29.0\selenium-http-4.29.0.jar;C:\Users\91639\.m2\repository\org\seleniumhq\selenium\selenium-ie-driver\4.29.0\selenium-ie-driver-4.29.0.jar;C:\Users\91639\.m2\repository\org\seleniumhq\selenium\selenium-remote-driver\4.29.0\selenium-remote-driver-4.29.0.jar;C:\Users\91639\.m2\repository\com\google\guava\guava\33.4.0-jre\guava-33.4.0-jre.jar;C:\Users\91639\.m2\repository\com\google\guava\failureaccess\1.0.2\failureaccess-1.0.2.jar;C:\Users\91639\.m2\repository\com\google\guava\listenablefuture\9999.0-empty-to-avoid-conflict-with-guava\listenablefuture-9999.0-empty-to-avoid-conflict-with-guava.jar;C:\Users\91639\.m2\repository\com\google\code\findbugs\jsr305\3.0.2\jsr305-3.0.2.jar;C:\Users\91639\.m2\repository\org\checkerframework\checker-qual\3.43.0\checker-qual-3.43.0.jar;C:\Users\91639\.m2\repository\com\google\errorprone\error_prone_annotations\2.36.0\error_prone_annotations-2.36.0.jar;C:\Users\91639\.m2\repository\com\google\j2objc\j2objc-annotations\3.0.0\j2objc-annotations-3.0.0.jar;C:\Users\91639\.m2\repository\io\opentelemetry\semconv\opentelemetry-semconv\1.28.0-alpha\opentelemetry-semconv-1.28.0-alpha.jar;C:\Users\91639\.m2\repository\io\opentelemetry\opentelemetry-api\1.46.0\opentelemetry-api-1.46.0.jar;C:\Users\91639\.m2\repository\io\opentelemetry\opentelemetry-context\1.46.0\opentelemetry-context-1.46.0.jar;C:\Users\91639\.m2\repository\io\opentelemetry\opentelemetry-exporter-logging\1.46.0\opentelemetry-exporter-logging-1.46.0.jar;C:\Users\91639\.m2\repository\io\opentelemetry\opentelemetry-sdk-common\1.46.0\opentelemetry-sdk-common-1.46.0.jar;C:\Users\91639\.m2\repository\io\opentelemetry\opentelemetry-sdk-extension-autoconfigure-spi\1.46.0\opentelemetry-sdk-extension-autoconfigure-spi-1.46.0.jar;C:\Users\91639\.m2\repository\io\opentelemetry\opentelemetry-sdk-extension-autoconfigure\1.46.0\opentelemetry-sdk-extension-autoconfigure-1.46.0.jar;C:\Users\91639\.m2\repository\io\opentelemetry\opentelemetry-api-incubator\1.46.0-alpha\opentelemetry-api-incubator-1.46.0-alpha.jar;C:\Users\91639\.m2\repository\io\opentelemetry\opentelemetry-sdk-trace\1.46.0\opentelemetry-sdk-trace-1.46.0.jar;C:\Users\91639\.m2\repository\io\opentelemetry\opentelemetry-sdk\1.46.0\opentelemetry-sdk-1.46.0.jar;C:\Users\91639\.m2\repository\io\opentelemetry\opentelemetry-sdk-metrics\1.46.0\opentelemetry-sdk-metrics-1.46.0.jar;C:\Users\91639\.m2\repository\io\opentelemetry\opentelemetry-sdk-logs\1.46.0\opentelemetry-sdk-logs-1.46.0.jar;C:\Users\91639\.m2\repository\net\bytebuddy\byte-buddy\1.15.11\byte-buddy-1.15.11.jar;C:\Users\91639\.m2\repository\org\seleniumhq\selenium\selenium-os\4.29.0\selenium-os-4.29.0.jar;C:\Users\91639\.m2\repository\org\apache\commons\commons-exec\1.4.0\commons-exec-1.4.0.jar;C:\Users\91639\.m2\repository\org\seleniumhq\selenium\selenium-safari-driver\4.29.0\selenium-safari-driver-4.29.0.jar;C:\Users\91639\.m2\repository\org\seleniumhq\selenium\selenium-support\4.29.0\selenium-support-4.29.0.jar;C:\Users\91639\.m2\repository\io\cucumber\cucumber-plugin\7.21.1\cucumber-plugin-7.21.1.jar
Launcher Type: SUN_STANDARD

[Global flags]
     intx CICompilerCount                          = 4                                         {product} {ergonomic}
     uint ConcGCThreads                            = 3                                         {product} {ergonomic}
     uint G1ConcRefinementThreads                  = 10                                        {product} {ergonomic}
   size_t G1HeapRegionSize                         = 1048576                                   {product} {ergonomic}
    uintx GCDrainStackTargetSize                   = 64                                        {product} {ergonomic}
   size_t InitialHeapSize                          = 98566144                                  {product} {ergonomic}
   size_t MarkStackSize                            = 4194304                                   {product} {ergonomic}
   size_t MaxHeapSize                              = 1574961152                                {product} {ergonomic}
   size_t MaxNewSize                               = 944766976                                 {product} {ergonomic}
   size_t MinHeapDeltaBytes                        = 1048576                                   {product} {ergonomic}
   size_t MinHeapSize                              = 8388608                                   {product} {ergonomic}
    uintx NonNMethodCodeHeapSize                   = 5839372                                {pd product} {ergonomic}
    uintx NonProfiledCodeHeapSize                  = 122909434                              {pd product} {ergonomic}
    uintx ProfiledCodeHeapSize                     = 122909434                              {pd product} {ergonomic}
    uintx ReservedCodeCacheSize                    = 251658240                              {pd product} {ergonomic}
     bool SegmentedCodeCache                       = true                                      {product} {ergonomic}
     bool ShowCodeDetailsInExceptionMessages       = true                                   {manageable} {command line}
   size_t SoftMaxHeapSize                          = 1574961152                             {manageable} {ergonomic}
     bool UseCompressedOops                        = true                           {product lp64_product} {ergonomic}
     bool UseG1GC                                  = true                                      {product} {ergonomic}
     bool UseLargePagesIndividualAllocation        = false                                  {pd product} {ergonomic}

Logging:
Log output configuration:
 #0: stdout all=warning uptime,level,tags foldmultilines=false
 #1: stderr all=off uptime,level,tags foldmultilines=false

Environment Variables:
JAVA_HOME=C:\Program Files\Java\jdk-21
PATH=C:/Program Files/Java/jdk-21/bin/server;C:/Program Files/Java/jdk-21/bin;C:\Program Files\Common Files\Oracle\Java\javapath;C:\WINDOWS\system32;C:\WINDOWS;C:\WINDOWS\System32\Wbem;C:\WINDOWS\System32\WindowsPowerShell\v1.0\;C:\WINDOWS\System32\OpenSSH\;C:\Program Files\nodejs\;C:\Program Files\Git\cmd;C:\Program Files\Apache\Maven\apache-maven-3.9.9\apache-maven-3.9.9\bin;C:\Program Files\MySQL\MySQL Shell 8.0\bin\;C:\Users\91639\AppData\Local\Microsoft\WindowsApps;C:\Users\91639\AppData\Local\Programs\Microsoft VS Code\bin;C:\Users\91639\AppData\Roaming\npm;C:\Users\91639\AppData\Local\GitHubDesktop\bin;C:\ProgramData\91639\GitHubDesktop\bin;C:\Users\91639\OneDrive\Desktop;
USERNAME=91639
OS=Windows_NT
PROCESSOR_IDENTIFIER=AMD64 Family 23 Model 104 Stepping 1, AuthenticAMD
TMP=C:\Users\91639\AppData\Local\Temp
TEMP=C:\Users\91639\AppData\Local\Temp




Periodic native trim disabled

---------------  S Y S T E M  ---------------

OS:
 Windows 11 , 64 bit Build 22621 (10.0.22621.4830)
OS uptime: 7 days 0:55 hours

CPU: total 12 (initial active 12) (12 cores per cpu, 2 threads per core) family 23 model 104 stepping 1 microcode 0x0, cx8, cmov, fxsr, ht, mmx, 3dnowpref, sse, sse2, sse3, ssse3, sse4a, sse4.1, sse4.2, popcnt, lzcnt, tsc, tscinvbit, avx, avx2, aes, clmul, bmi1, bmi2, adx, sha, fma, vzeroupper, clflush, clflushopt, rdtscp, rdpid, f16c
Processor Information for processor 0
  Max Mhz: 2100, Current Mhz: 1813, Mhz Limit: 2100
Processor Information for processor 1
  Max Mhz: 2100, Current Mhz: 2100, Mhz Limit: 2100
Processor Information for processor 2
  Max Mhz: 2100, Current Mhz: 2100, Mhz Limit: 2100
Processor Information for processor 3
  Max Mhz: 2100, Current Mhz: 1813, Mhz Limit: 2100
Processor Information for processor 4
  Max Mhz: 2100, Current Mhz: 2100, Mhz Limit: 2100
Processor Information for processor 5
  Max Mhz: 2100, Current Mhz: 1813, Mhz Limit: 2100
Processor Information for processor 6
  Max Mhz: 2100, Current Mhz: 2100, Mhz Limit: 2100
Processor Information for processor 7
  Max Mhz: 2100, Current Mhz: 2100, Mhz Limit: 2100
Processor Information for processor 8
  Max Mhz: 2100, Current Mhz: 1813, Mhz Limit: 2100
Processor Information for processor 9
  Max Mhz: 2100, Current Mhz: 1813, Mhz Limit: 2100
Processor Information for processor 10
  Max Mhz: 2100, Current Mhz: 1813, Mhz Limit: 2100
Processor Information for processor 11
  Max Mhz: 2100, Current Mhz: 1813, Mhz Limit: 2100

Memory: 4k page, system-wide physical 6005M (746M free)
TotalPageFile size 24437M (AvailPageFile size 21M)
current process WorkingSet (physical memory assigned to process): 65M, peak: 125M
current process commit charge ("private bytes"): 220M, peak: 224M

vm_info: Java HotSpot(TM) 64-Bit Server VM (21.0.6+8-LTS-188) for windows-amd64 JRE (21.0.6+8-LTS-188), built on 2024-12-03T10:50:54Z by "mach5one" with MS VC++ 17.6 (VS2022)

END.
